<?xml version="1.0" encoding="UTF-8"?>
<coverage generated="1613860694719" clover="3.2.0">
  <project timestamp="1613860694719" name="All files">
    <metrics statements="36" coveredstatements="32" conditionals="12" coveredconditionals="10" methods="12" coveredmethods="9" elements="60" coveredelements="51" complexity="0" loc="36" ncloc="36" packages="1" files="3" classes="3"/>
    <file name="Blog.js" path="/Users/rubenponcecanadas/Repos/fullstackopen/part5/bloglist-frontend/src/components/Blog.js">
      <metrics statements="15" coveredstatements="12" conditionals="8" coveredconditionals="6" methods="6" coveredmethods="4"/>
      <line num="3" count="1" type="stmt"/>
      <line num="4" count="5" type="stmt"/>
      <line num="6" count="5" type="stmt"/>
      <line num="9" count="5" type="stmt"/>
      <line num="17" count="5" type="stmt"/>
      <line num="18" count="2" type="stmt"/>
      <line num="19" count="2" type="stmt"/>
      <line num="20" count="2" type="stmt"/>
      <line num="23" count="5" type="stmt"/>
      <line num="24" count="0" type="cond" truecount="0" falsecount="2"/>
      <line num="25" count="0" type="stmt"/>
      <line num="29" count="5" type="stmt"/>
      <line num="35" count="2" type="stmt"/>
      <line num="44" count="2" type="stmt"/>
      <line num="48" count="0" type="stmt"/>
    </file>
    <file name="BlogForm.js" path="/Users/rubenponcecanadas/Repos/fullstackopen/part5/bloglist-frontend/src/components/BlogForm.js">
      <metrics statements="10" coveredstatements="10" conditionals="0" coveredconditionals="0" methods="3" coveredmethods="3"/>
      <line num="3" count="1" type="stmt"/>
      <line num="4" count="5" type="stmt"/>
      <line num="5" count="5" type="stmt"/>
      <line num="7" count="5" type="stmt"/>
      <line num="8" count="1" type="stmt"/>
      <line num="9" count="1" type="stmt"/>
      <line num="10" count="1" type="stmt"/>
      <line num="13" count="5" type="stmt"/>
      <line num="14" count="3" type="stmt"/>
      <line num="20" count="5" type="stmt"/>
    </file>
    <file name="Togglable.js" path="/Users/rubenponcecanadas/Repos/fullstackopen/part5/bloglist-frontend/src/components/Togglable.js">
      <metrics statements="11" coveredstatements="10" conditionals="4" coveredconditionals="4" methods="3" coveredmethods="2"/>
      <line num="4" count="1" type="stmt"/>
      <line num="5" count="7" type="stmt"/>
      <line num="7" count="7" type="cond" truecount="2" falsecount="0"/>
      <line num="8" count="7" type="cond" truecount="2" falsecount="0"/>
      <line num="10" count="7" type="stmt"/>
      <line num="11" count="3" type="stmt"/>
      <line num="14" count="7" type="stmt"/>
      <line num="15" count="0" type="stmt"/>
      <line num="20" count="7" type="stmt"/>
      <line num="33" count="1" type="stmt"/>
      <line num="37" count="1" type="stmt"/>
    </file>
  </project>
</coverage>
