{"/Users/rubenponcecanadas/Repos/fullstackopen/part5/bloglist-frontend/src/components/Blog.js": {"path":"/Users/rubenponcecanadas/Repos/fullstackopen/part5/bloglist-frontend/src/components/Blog.js","statementMap":{"0":{"start":{"line":3,"column":13},"end":{"line":54,"column":1}},"1":{"start":{"line":4,"column":32},"end":{"line":4,"column":47}},"2":{"start":{"line":6,"column":4},"end":{"line":7,"column":60}},"3":{"start":{"line":9,"column":20},"end":{"line":15,"column":3}},"4":{"start":{"line":17,"column":21},"end":{"line":21,"column":3}},"5":{"start":{"line":18,"column":52},"end":{"line":18,"column":56}},"6":{"start":{"line":19,"column":20},"end":{"line":19,"column":75}},"7":{"start":{"line":20,"column":4},"end":{"line":20,"column":27}},"8":{"start":{"line":23,"column":23},"end":{"line":27,"column":3}},"9":{"start":{"line":24,"column":4},"end":{"line":26,"column":5}},"10":{"start":{"line":25,"column":6},"end":{"line":25,"column":25}},"11":{"start":{"line":29,"column":2},"end":{"line":53,"column":3}},"12":{"start":{"line":35,"column":31},"end":{"line":35,"column":51}},"13":{"start":{"line":44,"column":35},"end":{"line":44,"column":51}},"14":{"start":{"line":48,"column":35},"end":{"line":48,"column":53}}},"fnMap":{"0":{"name":"(anonymous_0)","decl":{"start":{"line":3,"column":13},"end":{"line":3,"column":14}},"loc":{"start":{"line":3,"column":51},"end":{"line":54,"column":1}},"line":3},"1":{"name":"(anonymous_1)","decl":{"start":{"line":17,"column":21},"end":{"line":17,"column":22}},"loc":{"start":{"line":17,"column":29},"end":{"line":21,"column":3}},"line":17},"2":{"name":"(anonymous_2)","decl":{"start":{"line":23,"column":23},"end":{"line":23,"column":24}},"loc":{"start":{"line":23,"column":31},"end":{"line":27,"column":3}},"line":23},"3":{"name":"(anonymous_3)","decl":{"start":{"line":35,"column":25},"end":{"line":35,"column":26}},"loc":{"start":{"line":35,"column":31},"end":{"line":35,"column":51}},"line":35},"4":{"name":"(anonymous_4)","decl":{"start":{"line":44,"column":29},"end":{"line":44,"column":30}},"loc":{"start":{"line":44,"column":35},"end":{"line":44,"column":51}},"line":44},"5":{"name":"(anonymous_5)","decl":{"start":{"line":48,"column":29},"end":{"line":48,"column":30}},"loc":{"start":{"line":48,"column":35},"end":{"line":48,"column":53}},"line":48}},"branchMap":{"0":{"loc":{"start":{"line":24,"column":4},"end":{"line":26,"column":5}},"type":"if","locations":[{"start":{"line":24,"column":4},"end":{"line":26,"column":5}},{"start":{"line":24,"column":4},"end":{"line":26,"column":5}}],"line":24},"1":{"loc":{"start":{"line":36,"column":11},"end":{"line":36,"column":36}},"type":"cond-expr","locations":[{"start":{"line":36,"column":21},"end":{"line":36,"column":27}},{"start":{"line":36,"column":30},"end":{"line":36,"column":36}}],"line":36},"2":{"loc":{"start":{"line":39,"column":7},"end":{"line":51,"column":7}},"type":"binary-expr","locations":[{"start":{"line":39,"column":7},"end":{"line":39,"column":14}},{"start":{"line":40,"column":8},"end":{"line":50,"column":14}}],"line":39},"3":{"loc":{"start":{"line":47,"column":11},"end":{"line":49,"column":11}},"type":"binary-expr","locations":[{"start":{"line":47,"column":11},"end":{"line":47,"column":18}},{"start":{"line":48,"column":12},"end":{"line":48,"column":70}}],"line":47}},"s":{"0":1,"1":5,"2":5,"3":5,"4":5,"5":2,"6":2,"7":2,"8":5,"9":0,"10":0,"11":5,"12":2,"13":2,"14":0},"f":{"0":5,"1":2,"2":0,"3":2,"4":2,"5":0},"b":{"0":[0,0],"1":[2,3],"2":[5,2],"3":[2,2]},"_coverageSchema":"1a1c01bbd47fc00a2c39e90264f33305004495a9","hash":"428a48bf2f18cddb471a04fe4c7210615a841861"}
,"/Users/rubenponcecanadas/Repos/fullstackopen/part5/bloglist-frontend/src/components/BlogForm.js": {"path":"/Users/rubenponcecanadas/Repos/fullstackopen/part5/bloglist-frontend/src/components/BlogForm.js","statementMap":{"0":{"start":{"line":3,"column":17},"end":{"line":58,"column":1}},"1":{"start":{"line":4,"column":32},"end":{"line":4,"column":76}},"2":{"start":{"line":5,"column":33},"end":{"line":5,"column":40}},"3":{"start":{"line":7,"column":24},"end":{"line":11,"column":3}},"4":{"start":{"line":8,"column":4},"end":{"line":8,"column":22}},"5":{"start":{"line":9,"column":4},"end":{"line":9,"column":23}},"6":{"start":{"line":10,"column":4},"end":{"line":10,"column":50}},"7":{"start":{"line":13,"column":23},"end":{"line":18,"column":3}},"8":{"start":{"line":14,"column":4},"end":{"line":17,"column":6}},"9":{"start":{"line":20,"column":2},"end":{"line":57,"column":3}}},"fnMap":{"0":{"name":"(anonymous_0)","decl":{"start":{"line":3,"column":17},"end":{"line":3,"column":18}},"loc":{"start":{"line":3,"column":37},"end":{"line":58,"column":1}},"line":3},"1":{"name":"(anonymous_1)","decl":{"start":{"line":7,"column":24},"end":{"line":7,"column":25}},"loc":{"start":{"line":7,"column":35},"end":{"line":11,"column":3}},"line":7},"2":{"name":"(anonymous_2)","decl":{"start":{"line":13,"column":23},"end":{"line":13,"column":24}},"loc":{"start":{"line":13,"column":28},"end":{"line":18,"column":3}},"line":13}},"branchMap":{},"s":{"0":1,"1":5,"2":5,"3":5,"4":1,"5":1,"6":1,"7":5,"8":3,"9":5},"f":{"0":5,"1":1,"2":3},"b":{},"_coverageSchema":"1a1c01bbd47fc00a2c39e90264f33305004495a9","hash":"986f19385be6c4be90e48148318afabde4bb331d"}
,"/Users/rubenponcecanadas/Repos/fullstackopen/part5/bloglist-frontend/src/components/Togglable.js": {"path":"/Users/rubenponcecanadas/Repos/fullstackopen/part5/bloglist-frontend/src/components/Togglable.js","statementMap":{"0":{"start":{"line":4,"column":18},"end":{"line":31,"column":2}},"1":{"start":{"line":5,"column":32},"end":{"line":5,"column":47}},"2":{"start":{"line":7,"column":26},"end":{"line":7,"column":60}},"3":{"start":{"line":8,"column":26},"end":{"line":8,"column":60}},"4":{"start":{"line":10,"column":27},"end":{"line":12,"column":3}},"5":{"start":{"line":11,"column":4},"end":{"line":11,"column":24}},"6":{"start":{"line":14,"column":2},"end":{"line":18,"column":4}},"7":{"start":{"line":15,"column":4},"end":{"line":17,"column":5}},"8":{"start":{"line":20,"column":2},"end":{"line":30,"column":3}},"9":{"start":{"line":33,"column":0},"end":{"line":35,"column":1}},"10":{"start":{"line":37,"column":0},"end":{"line":37,"column":35}}},"fnMap":{"0":{"name":"(anonymous_0)","decl":{"start":{"line":4,"column":35},"end":{"line":4,"column":36}},"loc":{"start":{"line":4,"column":51},"end":{"line":31,"column":1}},"line":4},"1":{"name":"(anonymous_1)","decl":{"start":{"line":10,"column":27},"end":{"line":10,"column":28}},"loc":{"start":{"line":10,"column":33},"end":{"line":12,"column":3}},"line":10},"2":{"name":"(anonymous_2)","decl":{"start":{"line":14,"column":27},"end":{"line":14,"column":28}},"loc":{"start":{"line":14,"column":33},"end":{"line":18,"column":3}},"line":14}},"branchMap":{"0":{"loc":{"start":{"line":7,"column":37},"end":{"line":7,"column":58}},"type":"cond-expr","locations":[{"start":{"line":7,"column":47},"end":{"line":7,"column":53}},{"start":{"line":7,"column":56},"end":{"line":7,"column":58}}],"line":7},"1":{"loc":{"start":{"line":8,"column":37},"end":{"line":8,"column":58}},"type":"cond-expr","locations":[{"start":{"line":8,"column":47},"end":{"line":8,"column":49}},{"start":{"line":8,"column":52},"end":{"line":8,"column":58}}],"line":8}},"s":{"0":1,"1":7,"2":7,"3":7,"4":7,"5":3,"6":7,"7":0,"8":7,"9":1,"10":1},"f":{"0":7,"1":3,"2":0},"b":{"0":[2,5],"1":[2,5]},"_coverageSchema":"1a1c01bbd47fc00a2c39e90264f33305004495a9","hash":"aae2961aa7786afe9deae2d5d2c4544dcad001dd"}
}
