TN:
SF:src/components/Blog.js
FN:3,(anonymous_0)
FN:17,(anonymous_1)
FN:23,(anonymous_2)
FN:35,(anonymous_3)
FN:44,(anonymous_4)
FN:48,(anonymous_5)
FNF:6
FNH:4
FNDA:5,(anonymous_0)
FNDA:2,(anonymous_1)
FNDA:0,(anonymous_2)
FNDA:2,(anonymous_3)
FNDA:2,(anonymous_4)
FNDA:0,(anonymous_5)
DA:3,1
DA:4,5
DA:6,5
DA:9,5
DA:17,5
DA:18,2
DA:19,2
DA:20,2
DA:23,5
DA:24,0
DA:25,0
DA:29,5
DA:35,2
DA:44,2
DA:48,0
LF:15
LH:12
BRDA:24,0,0,0
BRDA:24,0,1,0
BRDA:36,1,0,2
BRDA:36,1,1,3
BRDA:39,2,0,5
BRDA:39,2,1,2
BRDA:47,3,0,2
BRDA:47,3,1,2
BRF:8
BRH:6
end_of_record
TN:
SF:src/components/BlogForm.js
FN:3,(anonymous_0)
FN:7,(anonymous_1)
FN:13,(anonymous_2)
FNF:3
FNH:3
FNDA:5,(anonymous_0)
FNDA:1,(anonymous_1)
FNDA:3,(anonymous_2)
DA:3,1
DA:4,5
DA:5,5
DA:7,5
DA:8,1
DA:9,1
DA:10,1
DA:13,5
DA:14,3
DA:20,5
LF:10
LH:10
BRF:0
BRH:0
end_of_record
TN:
SF:src/components/Togglable.js
FN:4,(anonymous_0)
FN:10,(anonymous_1)
FN:14,(anonymous_2)
FNF:3
FNH:2
FNDA:7,(anonymous_0)
FNDA:3,(anonymous_1)
FNDA:0,(anonymous_2)
DA:4,1
DA:5,7
DA:7,7
DA:8,7
DA:10,7
DA:11,3
DA:14,7
DA:15,0
DA:20,7
DA:33,1
DA:37,1
LF:11
LH:10
BRDA:7,0,0,2
BRDA:7,0,1,5
BRDA:8,1,0,2
BRDA:8,1,1,5
BRF:4
BRH:4
end_of_record
